<?xml version="1.0" encoding="UTF-8"?>
<!-- Generated by org.testng.reporters.JUnitXMLReporter -->
<testsuite hostname="Admin" ignored="0" name="Test" tests="6" failures="0" timestamp="2020-11-16T21:11:59 IST" time="0.089" errors="0">
  <testcase name="AddProduct" time="0.0" classname="testNGpractice.ParalelTestExecution1"/>
  <testcase name="DeleteProduct" time="0.0" classname="testNGpractice.ParallelTestExecution2"/>
  <testcase name="DeleteSearch" time="0.005" classname="testNGpractice.ParallelTestExecution2"/>
  <testcase name="AddVendor" time="0.0" classname="testNGpractice.ParalelTestExecution1"/>
  <testcase name="SearchProduct" time="0.0" classname="testNGpractice.ParalelTestExecution1"/>
  <testcase name="DeleteVendor" time="0.008" classname="testNGpractice.ParallelTestExecution2"/>
</testsuite> <!-- Test -->
